[0.015s] Invoking command in '/home/gt7219b/ros2_ws/src/ros_tutorials/turtlesim/build/turtlesim': CMAKE_PREFIX_PATH=/opt/ros/humble /usr/bin/cmake --build /home/gt7219b/ros2_ws/src/ros_tutorials/turtlesim/build/turtlesim -- -j4 -l4
[0.047s] -- Found ament_cmake: 1.3.2 (/opt/ros/humble/share/ament_cmake/cmake)
[0.226s] -- Found ament_index_cpp: 1.4.0 (/opt/ros/humble/share/ament_index_cpp/cmake)
[0.227s] -- Found geometry_msgs: 4.2.2 (/opt/ros/humble/share/geometry_msgs/cmake)
[0.270s] -- Found rosidl_generator_c: 3.1.3 (/opt/ros/humble/share/rosidl_generator_c/cmake)
[0.274s] -- Found rosidl_adapter: 3.1.3 (/opt/ros/humble/share/rosidl_adapter/cmake)
[0.284s] -- Found rosidl_generator_cpp: 3.1.3 (/opt/ros/humble/share/rosidl_generator_cpp/cmake)
[0.301s] -- Using all available rosidl_typesupport_c: rosidl_typesupport_fastrtps_c;rosidl_typesupport_introspection_c
[0.323s] -- Using all available rosidl_typesupport_cpp: rosidl_typesupport_fastrtps_cpp;rosidl_typesupport_introspection_cpp
[0.505s] -- Found rclcpp: 16.0.1 (/opt/ros/humble/share/rclcpp/cmake)
[0.572s] -- Found rmw_implementation_cmake: 6.1.0 (/opt/ros/humble/share/rmw_implementation_cmake/cmake)
[0.574s] -- Found rmw_fastrtps_cpp: 6.2.1 (/opt/ros/humble/share/rmw_fastrtps_cpp/cmake)
[0.719s] -- Using RMW implementation 'rmw_fastrtps_cpp' as default
[0.903s] -- Found rclcpp_action: 16.0.1 (/opt/ros/humble/share/rclcpp_action/cmake)
[1.036s] -- Found rosidl_default_generators: 1.2.0 (/opt/ros/humble/share/rosidl_default_generators/cmake)
[1.046s] -- Found std_srvs: 4.2.2 (/opt/ros/humble/share/std_srvs/cmake)
[1.070s] -- Found sensor_msgs: 4.2.2 (/opt/ros/humble/share/sensor_msgs/cmake)
[1.602s] -- Found ament_cmake_ros: 0.10.0 (/opt/ros/humble/share/ament_cmake_ros/cmake)
[2.063s] -- Using all available rosidl_typesupport_c: rosidl_typesupport_fastrtps_c;rosidl_typesupport_introspection_c
[2.241s] -- Using all available rosidl_typesupport_cpp: rosidl_typesupport_fastrtps_cpp;rosidl_typesupport_introspection_cpp
[2.277s] -- Found python_cmake_module: 0.10.0 (/opt/ros/humble/share/python_cmake_module/cmake)
[2.309s] -- Using PYTHON_EXECUTABLE: /usr/bin/python3
[2.309s] -- Using PYTHON_INCLUDE_DIRS: /usr/include/python3.10
[2.309s] -- Using PYTHON_LIBRARIES: /usr/lib/x86_64-linux-gnu/libpython3.10.so
[2.377s] -- Configuring done
[2.468s] -- Generating done
[2.474s] -- Build files have been written to: /home/gt7219b/ros2_ws/src/ros_tutorials/turtlesim/build/turtlesim
[2.511s] [35m[1mConsolidate compiler generated dependencies of target turtlesim__rosidl_generator_c[0m
[2.519s] [  1%] [32mBuilding CXX object CMakeFiles/talker2.dir/tutorials/subscribejoypublishtwist.cpp.o[0m
[2.520s] [  2%] Built target turtlesim__cpp
[2.526s] [ 12%] Built target turtlesim__rosidl_generator_c
[2.529s] [ 12%] Built target ament_cmake_python_copy_turtlesim
[2.531s] [35m[1mConsolidate compiler generated dependencies of target listener2[0m
[2.548s] [35m[1mConsolidate compiler generated dependencies of target turtlesim__rosidl_typesupport_fastrtps_c[0m
[2.550s] [35m[1mConsolidate compiler generated dependencies of target turtlesim__rosidl_typesupport_cpp[0m
[2.550s] [ 14%] Built target listener2
[2.563s] [35m[1mConsolidate compiler generated dependencies of target turtlesim__rosidl_typesupport_fastrtps_cpp[0m
[2.565s] [ 24%] Built target turtlesim__rosidl_typesupport_fastrtps_c
[2.581s] [ 26%] [34m[1mGenerating C introspection for ROS interfaces[0m
[2.581s] [ 35%] Built target turtlesim__rosidl_typesupport_cpp
[2.587s] [ 44%] Built target turtlesim__rosidl_typesupport_fastrtps_cpp
[2.592s] [ 45%] [34m[1mGenerating C type support dispatch for ROS interfaces[0m
[2.600s] [ 46%] [34m[1mGenerating C++ introspection for ROS interfaces[0m
[3.460s] [ 47%] [32mBuilding CXX object CMakeFiles/turtlesim__rosidl_typesupport_c.dir/rosidl_typesupport_c/turtlesim/action/rotate_absolute__type_support.cpp.o[0m
[3.521s] [ 48%] [32mBuilding CXX object CMakeFiles/turtlesim__rosidl_typesupport_c.dir/rosidl_typesupport_c/turtlesim/msg/color__type_support.cpp.o[0m
[3.555s] [ 48%] [32mBuilding CXX object CMakeFiles/turtlesim__rosidl_typesupport_c.dir/rosidl_typesupport_c/turtlesim/msg/pose__type_support.cpp.o[0m
[3.595s] [ 49%] [32mBuilding CXX object CMakeFiles/turtlesim__rosidl_typesupport_c.dir/rosidl_typesupport_c/turtlesim/srv/kill__type_support.cpp.o[0m
[3.638s] [ 50%] [32mBuilding CXX object CMakeFiles/turtlesim__rosidl_typesupport_c.dir/rosidl_typesupport_c/turtlesim/srv/set_pen__type_support.cpp.o[0m
[3.681s] [ 51%] [32mBuilding CXX object CMakeFiles/turtlesim__rosidl_typesupport_c.dir/rosidl_typesupport_c/turtlesim/srv/spawn__type_support.cpp.o[0m
[3.720s] [ 52%] [32mBuilding CXX object CMakeFiles/turtlesim__rosidl_typesupport_c.dir/rosidl_typesupport_c/turtlesim/srv/teleport_absolute__type_support.cpp.o[0m
[3.726s] [ 53%] [32mBuilding CXX object CMakeFiles/turtlesim__rosidl_typesupport_introspection_cpp.dir/rosidl_typesupport_introspection_cpp/turtlesim/action/detail/rotate_absolute__type_support.cpp.o[0m
[3.759s] [ 54%] [32mBuilding CXX object CMakeFiles/turtlesim__rosidl_typesupport_c.dir/rosidl_typesupport_c/turtlesim/srv/teleport_relative__type_support.cpp.o[0m
[3.796s] [ 55%] [32m[1mLinking CXX shared library libturtlesim__rosidl_typesupport_c.so[0m
[3.850s] [ 55%] Built target turtlesim__rosidl_typesupport_c
[3.862s] [ 56%] [32mBuilding CXX object CMakeFiles/turtlesim__rosidl_typesupport_introspection_cpp.dir/rosidl_typesupport_introspection_cpp/turtlesim/msg/detail/color__type_support.cpp.o[0m
[3.893s] [ 57%] [32mBuilding C object CMakeFiles/turtlesim__rosidl_typesupport_introspection_c.dir/rosidl_typesupport_introspection_c/turtlesim/action/detail/rotate_absolute__type_support.c.o[0m
[3.966s] [ 58%] [32mBuilding C object CMakeFiles/turtlesim__rosidl_typesupport_introspection_c.dir/rosidl_typesupport_introspection_c/turtlesim/msg/detail/color__type_support.c.o[0m
[4.007s] [ 59%] [32mBuilding C object CMakeFiles/turtlesim__rosidl_typesupport_introspection_c.dir/rosidl_typesupport_introspection_c/turtlesim/msg/detail/pose__type_support.c.o[0m
[4.047s] [ 60%] [32mBuilding C object CMakeFiles/turtlesim__rosidl_typesupport_introspection_c.dir/rosidl_typesupport_introspection_c/turtlesim/srv/detail/kill__type_support.c.o[0m
[4.092s] [ 61%] [32mBuilding C object CMakeFiles/turtlesim__rosidl_typesupport_introspection_c.dir/rosidl_typesupport_introspection_c/turtlesim/srv/detail/set_pen__type_support.c.o[0m
[4.140s] [ 62%] [32mBuilding C object CMakeFiles/turtlesim__rosidl_typesupport_introspection_c.dir/rosidl_typesupport_introspection_c/turtlesim/srv/detail/spawn__type_support.c.o[0m
[4.184s] [ 63%] [32mBuilding C object CMakeFiles/turtlesim__rosidl_typesupport_introspection_c.dir/rosidl_typesupport_introspection_c/turtlesim/srv/detail/teleport_absolute__type_support.c.o[0m
[4.227s] [ 64%] [32mBuilding C object CMakeFiles/turtlesim__rosidl_typesupport_introspection_c.dir/rosidl_typesupport_introspection_c/turtlesim/srv/detail/teleport_relative__type_support.c.o[0m
[4.270s] [ 65%] [32m[1mLinking C shared library libturtlesim__rosidl_typesupport_introspection_c.so[0m
[4.308s] [ 65%] Built target turtlesim__rosidl_typesupport_introspection_c
[4.479s] [ 66%] [32mBuilding CXX object CMakeFiles/turtlesim__rosidl_typesupport_introspection_cpp.dir/rosidl_typesupport_introspection_cpp/turtlesim/msg/detail/pose__type_support.cpp.o[0m
[4.590s] [ 67%] [32mBuilding CXX object CMakeFiles/turtlesim__rosidl_typesupport_introspection_cpp.dir/rosidl_typesupport_introspection_cpp/turtlesim/srv/detail/kill__type_support.cpp.o[0m
[4.757s] running egg_info
[4.758s] creating turtlesim.egg-info
[4.758s] writing turtlesim.egg-info/PKG-INFO
[4.758s] writing dependency_links to turtlesim.egg-info/dependency_links.txt
[4.759s] writing top-level names to turtlesim.egg-info/top_level.txt
[4.759s] writing manifest file 'turtlesim.egg-info/SOURCES.txt'
[4.773s] reading manifest file 'turtlesim.egg-info/SOURCES.txt'
[4.774s] writing manifest file 'turtlesim.egg-info/SOURCES.txt'
[4.808s] [ 67%] Built target ament_cmake_python_build_turtlesim_egg
[4.819s] [ 68%] [34m[1mGenerating include/turtlesim/moc_turtle_frame.cpp[0m
[4.960s] [ 69%] [32mBuilding CXX object CMakeFiles/turtlesim_node.dir/src/turtlesim.cpp.o[0m
[5.016s] [ 70%] [32mBuilding CXX object CMakeFiles/turtlesim__rosidl_typesupport_introspection_cpp.dir/rosidl_typesupport_introspection_cpp/turtlesim/srv/detail/set_pen__type_support.cpp.o[0m
[5.175s] [ 71%] [32mBuilding CXX object CMakeFiles/turtle_teleop_key.dir/tutorials/teleop_turtle_key.cpp.o[0m
[5.590s] [ 72%] [32mBuilding CXX object CMakeFiles/turtlesim__rosidl_typesupport_introspection_cpp.dir/rosidl_typesupport_introspection_cpp/turtlesim/srv/detail/spawn__type_support.cpp.o[0m
[6.198s] [ 73%] [32mBuilding CXX object CMakeFiles/turtlesim__rosidl_typesupport_introspection_cpp.dir/rosidl_typesupport_introspection_cpp/turtlesim/srv/detail/teleport_absolute__type_support.cpp.o[0m
[6.834s] [ 74%] [32mBuilding CXX object CMakeFiles/turtlesim__rosidl_typesupport_introspection_cpp.dir/rosidl_typesupport_introspection_cpp/turtlesim/srv/detail/teleport_relative__type_support.cpp.o[0m
[7.647s] [ 75%] [32m[1mLinking CXX shared library libturtlesim__rosidl_typesupport_introspection_cpp.so[0m
[7.779s] [ 75%] Built target turtlesim__rosidl_typesupport_introspection_cpp
[7.822s] [ 75%] [32mBuilding CXX object CMakeFiles/draw_square.dir/tutorials/draw_square.cpp.o[0m
[11.686s] [ 76%] [32mBuilding CXX object CMakeFiles/turtlesim_node.dir/src/turtle.cpp.o[0m
[13.986s] [ 77%] [32m[1mLinking CXX executable turtle_teleop_key[0m
[14.363s] [ 77%] Built target turtle_teleop_key
[14.386s] [ 78%] [32mBuilding CXX object CMakeFiles/mimic.dir/tutorials/mimic.cpp.o[0m
[19.019s] [ 79%] [32m[1mLinking CXX executable talker2[0m
[19.977s] [ 79%] Built target talker2
[20.040s] [ 79%] Built target turtlesim
[20.061s] [ 80%] [34m[1mGenerating Python code for ROS interfaces[0m
[21.288s] [ 81%] [32m[1mLinking CXX executable draw_square[0m
[22.046s] [ 81%] Built target draw_square
[22.056s] [ 82%] [32mBuilding CXX object CMakeFiles/turtlesim_node.dir/src/turtle_frame.cpp.o[0m
[23.585s] [ 82%] Built target turtlesim__py
[23.611s] [ 83%] [32mBuilding C object CMakeFiles/turtlesim__rosidl_generator_py.dir/rosidl_generator_py/turtlesim/action/_rotate_absolute_s.c.o[0m
[23.962s] [ 84%] [32mBuilding C object CMakeFiles/turtlesim__rosidl_generator_py.dir/rosidl_generator_py/turtlesim/msg/_color_s.c.o[0m
[24.131s] [ 85%] [32mBuilding C object CMakeFiles/turtlesim__rosidl_generator_py.dir/rosidl_generator_py/turtlesim/msg/_pose_s.c.o[0m
[24.289s] [ 86%] [32mBuilding C object CMakeFiles/turtlesim__rosidl_generator_py.dir/rosidl_generator_py/turtlesim/srv/_kill_s.c.o[0m
[24.441s] [ 87%] [32mBuilding C object CMakeFiles/turtlesim__rosidl_generator_py.dir/rosidl_generator_py/turtlesim/srv/_set_pen_s.c.o[0m
[24.593s] [ 88%] [32mBuilding C object CMakeFiles/turtlesim__rosidl_generator_py.dir/rosidl_generator_py/turtlesim/srv/_spawn_s.c.o[0m
[24.749s] [ 89%] [32mBuilding C object CMakeFiles/turtlesim__rosidl_generator_py.dir/rosidl_generator_py/turtlesim/srv/_teleport_absolute_s.c.o[0m
[24.896s] [ 90%] [32mBuilding C object CMakeFiles/turtlesim__rosidl_generator_py.dir/rosidl_generator_py/turtlesim/srv/_teleport_relative_s.c.o[0m
[25.061s] [ 91%] [32m[1mLinking C shared library rosidl_generator_py/turtlesim/libturtlesim__rosidl_generator_py.so[0m
[25.117s] [ 91%] Built target turtlesim__rosidl_generator_py
[25.135s] [ 92%] [32mBuilding C object CMakeFiles/turtlesim__rosidl_typesupport_fastrtps_c__pyext.dir/rosidl_generator_py/turtlesim/_turtlesim_s.ep.rosidl_typesupport_fastrtps_c.c.o[0m
[25.370s] [ 93%] [32m[1mLinking C shared library rosidl_generator_py/turtlesim/turtlesim_s__rosidl_typesupport_fastrtps_c.cpython-310-x86_64-linux-gnu.so[0m
[25.419s] [ 93%] Built target turtlesim__rosidl_typesupport_fastrtps_c__pyext
[25.441s] [ 94%] [32mBuilding C object CMakeFiles/turtlesim__rosidl_typesupport_introspection_c__pyext.dir/rosidl_generator_py/turtlesim/_turtlesim_s.ep.rosidl_typesupport_introspection_c.c.o[0m
[25.671s] [ 95%] [32m[1mLinking C shared library rosidl_generator_py/turtlesim/turtlesim_s__rosidl_typesupport_introspection_c.cpython-310-x86_64-linux-gnu.so[0m
[25.720s] [ 95%] Built target turtlesim__rosidl_typesupport_introspection_c__pyext
[25.742s] [ 96%] [32mBuilding C object CMakeFiles/turtlesim__rosidl_typesupport_c__pyext.dir/rosidl_generator_py/turtlesim/_turtlesim_s.ep.rosidl_typesupport_c.c.o[0m
[25.967s] [ 97%] [32m[1mLinking C shared library rosidl_generator_py/turtlesim/turtlesim_s__rosidl_typesupport_c.cpython-310-x86_64-linux-gnu.so[0m
[26.015s] [ 97%] Built target turtlesim__rosidl_typesupport_c__pyext
[26.023s] [ 98%] [32mBuilding CXX object CMakeFiles/turtlesim_node.dir/include/turtlesim/moc_turtle_frame.cpp.o[0m
[26.682s] [ 99%] [32m[1mLinking CXX executable mimic[0m
[27.329s] [ 99%] Built target mimic
[38.533s] [100%] [32m[1mLinking CXX executable turtlesim_node[0m
[41.199s] [100%] Built target turtlesim_node
[41.216s] Invoked command in '/home/gt7219b/ros2_ws/src/ros_tutorials/turtlesim/build/turtlesim' returned '0': CMAKE_PREFIX_PATH=/opt/ros/humble /usr/bin/cmake --build /home/gt7219b/ros2_ws/src/ros_tutorials/turtlesim/build/turtlesim -- -j4 -l4
[41.451s] Invoking command in '/home/gt7219b/ros2_ws/src/ros_tutorials/turtlesim/build/turtlesim': CMAKE_PREFIX_PATH=/opt/ros/humble /usr/bin/cmake --install /home/gt7219b/ros2_ws/src/ros_tutorials/turtlesim/build/turtlesim
[41.461s] -- Install configuration: ""
[41.461s] -- Installing: /home/gt7219b/ros2_ws/src/ros_tutorials/turtlesim/install/turtlesim/share/ament_index/resource_index/rosidl_interfaces/turtlesim
[41.462s] -- Installing: /home/gt7219b/ros2_ws/src/ros_tutorials/turtlesim/install/turtlesim/include/turtlesim/turtlesim
[41.462s] -- Installing: /home/gt7219b/ros2_ws/src/ros_tutorials/turtlesim/install/turtlesim/include/turtlesim/turtlesim/srv
[41.462s] -- Installing: /home/gt7219b/ros2_ws/src/ros_tutorials/turtlesim/install/turtlesim/include/turtlesim/turtlesim/srv/set_pen.h
[41.469s] -- Installing: /home/gt7219b/ros2_ws/src/ros_tutorials/turtlesim/install/turtlesim/include/turtlesim/turtlesim/srv/teleport_absolute.h
[41.470s] -- Installing: /home/gt7219b/ros2_ws/src/ros_tutorials/turtlesim/install/turtlesim/include/turtlesim/turtlesim/srv/teleport_relative.h
[41.470s] -- Installing: /home/gt7219b/ros2_ws/src/ros_tutorials/turtlesim/install/turtlesim/include/turtlesim/turtlesim/srv/spawn.h
[41.471s] -- Installing: /home/gt7219b/ros2_ws/src/ros_tutorials/turtlesim/install/turtlesim/include/turtlesim/turtlesim/srv/kill.h
[41.471s] -- Installing: /home/gt7219b/ros2_ws/src/ros_tutorials/turtlesim/install/turtlesim/include/turtlesim/turtlesim/srv/detail
[41.471s] -- Installing: /home/gt7219b/ros2_ws/src/ros_tutorials/turtlesim/install/turtlesim/include/turtlesim/turtlesim/srv/detail/teleport_absolute__type_support.h
[41.471s] -- Installing: /home/gt7219b/ros2_ws/src/ros_tutorials/turtlesim/install/turtlesim/include/turtlesim/turtlesim/srv/detail/spawn__functions.h
[41.471s] -- Installing: /home/gt7219b/ros2_ws/src/ros_tutorials/turtlesim/install/turtlesim/include/turtlesim/turtlesim/srv/detail/teleport_relative__type_support.h
[41.471s] -- Installing: /home/gt7219b/ros2_ws/src/ros_tutorials/turtlesim/install/turtlesim/include/turtlesim/turtlesim/srv/detail/teleport_relative__functions.h
[41.472s] -- Installing: /home/gt7219b/ros2_ws/src/ros_tutorials/turtlesim/install/turtlesim/include/turtlesim/turtlesim/srv/detail/set_pen__struct.h
[41.472s] -- Installing: /home/gt7219b/ros2_ws/src/ros_tutorials/turtlesim/install/turtlesim/include/turtlesim/turtlesim/srv/detail/set_pen__type_support.h
[41.472s] -- Installing: /home/gt7219b/ros2_ws/src/ros_tutorials/turtlesim/install/turtlesim/include/turtlesim/turtlesim/srv/detail/spawn__struct.h
[41.472s] -- Installing: /home/gt7219b/ros2_ws/src/ros_tutorials/turtlesim/install/turtlesim/include/turtlesim/turtlesim/srv/detail/kill__struct.h
[41.472s] -- Installing: /home/gt7219b/ros2_ws/src/ros_tutorials/turtlesim/install/turtlesim/include/turtlesim/turtlesim/srv/detail/teleport_relative__functions.c
[41.476s] -- Installing: /home/gt7219b/ros2_ws/src/ros_tutorials/turtlesim/install/turtlesim/include/turtlesim/turtlesim/srv/detail/kill__functions.c
[41.477s] -- Installing: /home/gt7219b/ros2_ws/src/ros_tutorials/turtlesim/install/turtlesim/include/turtlesim/turtlesim/srv/detail/teleport_absolute__functions.c
[41.477s] -- Installing: /home/gt7219b/ros2_ws/src/ros_tutorials/turtlesim/install/turtlesim/include/turtlesim/turtlesim/srv/detail/teleport_absolute__functions.h
[41.477s] -- Installing: /home/gt7219b/ros2_ws/src/ros_tutorials/turtlesim/install/turtlesim/include/turtlesim/turtlesim/srv/detail/set_pen__functions.c
[41.478s] -- Installing: /home/gt7219b/ros2_ws/src/ros_tutorials/turtlesim/install/turtlesim/include/turtlesim/turtlesim/srv/detail/kill__type_support.h
[41.478s] -- Installing: /home/gt7219b/ros2_ws/src/ros_tutorials/turtlesim/install/turtlesim/include/turtlesim/turtlesim/srv/detail/teleport_absolute__struct.h
[41.478s] -- Installing: /home/gt7219b/ros2_ws/src/ros_tutorials/turtlesim/install/turtlesim/include/turtlesim/turtlesim/srv/detail/teleport_relative__struct.h
[41.478s] -- Installing: /home/gt7219b/ros2_ws/src/ros_tutorials/turtlesim/install/turtlesim/include/turtlesim/turtlesim/srv/detail/spawn__functions.c
[41.478s] -- Installing: /home/gt7219b/ros2_ws/src/ros_tutorials/turtlesim/install/turtlesim/include/turtlesim/turtlesim/srv/detail/set_pen__functions.h
[41.479s] -- Installing: /home/gt7219b/ros2_ws/src/ros_tutorials/turtlesim/install/turtlesim/include/turtlesim/turtlesim/srv/detail/kill__functions.h
[41.479s] -- Installing: /home/gt7219b/ros2_ws/src/ros_tutorials/turtlesim/install/turtlesim/include/turtlesim/turtlesim/srv/detail/spawn__type_support.h
[41.479s] -- Installing: /home/gt7219b/ros2_ws/src/ros_tutorials/turtlesim/install/turtlesim/include/turtlesim/turtlesim/action
[41.479s] -- Installing: /home/gt7219b/ros2_ws/src/ros_tutorials/turtlesim/install/turtlesim/include/turtlesim/turtlesim/action/rotate_absolute.h
[41.479s] -- Installing: /home/gt7219b/ros2_ws/src/ros_tutorials/turtlesim/install/turtlesim/include/turtlesim/turtlesim/action/detail
[41.479s] -- Installing: /home/gt7219b/ros2_ws/src/ros_tutorials/turtlesim/install/turtlesim/include/turtlesim/turtlesim/action/detail/rotate_absolute__struct.h
[41.479s] -- Installing: /home/gt7219b/ros2_ws/src/ros_tutorials/turtlesim/install/turtlesim/include/turtlesim/turtlesim/action/detail/rotate_absolute__type_support.h
[41.480s] -- Installing: /home/gt7219b/ros2_ws/src/ros_tutorials/turtlesim/install/turtlesim/include/turtlesim/turtlesim/action/detail/rotate_absolute__functions.c
[41.483s] -- Installing: /home/gt7219b/ros2_ws/src/ros_tutorials/turtlesim/install/turtlesim/include/turtlesim/turtlesim/action/detail/rotate_absolute__functions.h
[41.484s] -- Installing: /home/gt7219b/ros2_ws/src/ros_tutorials/turtlesim/install/turtlesim/include/turtlesim/turtlesim/msg
[41.484s] -- Installing: /home/gt7219b/ros2_ws/src/ros_tutorials/turtlesim/install/turtlesim/include/turtlesim/turtlesim/msg/color.h
[41.487s] -- Installing: /home/gt7219b/ros2_ws/src/ros_tutorials/turtlesim/install/turtlesim/include/turtlesim/turtlesim/msg/pose.h
[41.487s] -- Installing: /home/gt7219b/ros2_ws/src/ros_tutorials/turtlesim/install/turtlesim/include/turtlesim/turtlesim/msg/rosidl_generator_c__visibility_control.h
[41.488s] -- Installing: /home/gt7219b/ros2_ws/src/ros_tutorials/turtlesim/install/turtlesim/include/turtlesim/turtlesim/msg/detail
[41.488s] -- Installing: /home/gt7219b/ros2_ws/src/ros_tutorials/turtlesim/install/turtlesim/include/turtlesim/turtlesim/msg/detail/color__functions.h
[41.488s] -- Installing: /home/gt7219b/ros2_ws/src/ros_tutorials/turtlesim/install/turtlesim/include/turtlesim/turtlesim/msg/detail/color__struct.h
[41.488s] -- Installing: /home/gt7219b/ros2_ws/src/ros_tutorials/turtlesim/install/turtlesim/include/turtlesim/turtlesim/msg/detail/pose__type_support.h
[41.489s] -- Installing: /home/gt7219b/ros2_ws/src/ros_tutorials/turtlesim/install/turtlesim/include/turtlesim/turtlesim/msg/detail/pose__functions.h
[41.489s] -- Installing: /home/gt7219b/ros2_ws/src/ros_tutorials/turtlesim/install/turtlesim/include/turtlesim/turtlesim/msg/detail/color__functions.c
[41.489s] -- Installing: /home/gt7219b/ros2_ws/src/ros_tutorials/turtlesim/install/turtlesim/include/turtlesim/turtlesim/msg/detail/pose__struct.h
[41.489s] -- Installing: /home/gt7219b/ros2_ws/src/ros_tutorials/turtlesim/install/turtlesim/include/turtlesim/turtlesim/msg/detail/color__type_support.h
[41.489s] -- Installing: /home/gt7219b/ros2_ws/src/ros_tutorials/turtlesim/install/turtlesim/include/turtlesim/turtlesim/msg/detail/pose__functions.c
[41.489s] -- Installing: /home/gt7219b/ros2_ws/src/ros_tutorials/turtlesim/install/turtlesim/share/turtlesim/environment/library_path.sh
[41.490s] -- Installing: /home/gt7219b/ros2_ws/src/ros_tutorials/turtlesim/install/turtlesim/share/turtlesim/environment/library_path.dsv
[41.490s] -- Installing: /home/gt7219b/ros2_ws/src/ros_tutorials/turtlesim/install/turtlesim/lib/libturtlesim__rosidl_generator_c.so
[41.491s] -- Set runtime path of "/home/gt7219b/ros2_ws/src/ros_tutorials/turtlesim/install/turtlesim/lib/libturtlesim__rosidl_generator_c.so" to ""
[41.491s] -- Up-to-date: /home/gt7219b/ros2_ws/src/ros_tutorials/turtlesim/install/turtlesim/include/turtlesim/turtlesim
[41.492s] -- Up-to-date: /home/gt7219b/ros2_ws/src/ros_tutorials/turtlesim/install/turtlesim/include/turtlesim/turtlesim/srv
[41.492s] -- Up-to-date: /home/gt7219b/ros2_ws/src/ros_tutorials/turtlesim/install/turtlesim/include/turtlesim/turtlesim/srv/detail
[41.492s] -- Installing: /home/gt7219b/ros2_ws/src/ros_tutorials/turtlesim/install/turtlesim/include/turtlesim/turtlesim/srv/detail/teleport_relative__rosidl_typesupport_fastrtps_c.h
[41.492s] -- Installing: /home/gt7219b/ros2_ws/src/ros_tutorials/turtlesim/install/turtlesim/include/turtlesim/turtlesim/srv/detail/spawn__rosidl_typesupport_fastrtps_c.h
[41.492s] -- Installing: /home/gt7219b/ros2_ws/src/ros_tutorials/turtlesim/install/turtlesim/include/turtlesim/turtlesim/srv/detail/set_pen__rosidl_typesupport_fastrtps_c.h
[41.492s] -- Installing: /home/gt7219b/ros2_ws/src/ros_tutorials/turtlesim/install/turtlesim/include/turtlesim/turtlesim/srv/detail/teleport_absolute__rosidl_typesupport_fastrtps_c.h
[41.493s] -- Installing: /home/gt7219b/ros2_ws/src/ros_tutorials/turtlesim/install/turtlesim/include/turtlesim/turtlesim/srv/detail/kill__rosidl_typesupport_fastrtps_c.h
[41.497s] -- Up-to-date: /home/gt7219b/ros2_ws/src/ros_tutorials/turtlesim/install/turtlesim/include/turtlesim/turtlesim/action
[41.497s] -- Up-to-date: /home/gt7219b/ros2_ws/src/ros_tutorials/turtlesim/install/turtlesim/include/turtlesim/turtlesim/action/detail
[41.497s] -- Installing: /home/gt7219b/ros2_ws/src/ros_tutorials/turtlesim/install/turtlesim/include/turtlesim/turtlesim/action/detail/rotate_absolute__rosidl_typesupport_fastrtps_c.h
[41.499s] -- Up-to-date: /home/gt7219b/ros2_ws/src/ros_tutorials/turtlesim/install/turtlesim/include/turtlesim/turtlesim/msg
[41.499s] -- Installing: /home/gt7219b/ros2_ws/src/ros_tutorials/turtlesim/install/turtlesim/include/turtlesim/turtlesim/msg/rosidl_typesupport_fastrtps_c__visibility_control.h
[41.500s] -- Up-to-date: /home/gt7219b/ros2_ws/src/ros_tutorials/turtlesim/install/turtlesim/include/turtlesim/turtlesim/msg/detail
[41.500s] -- Installing: /home/gt7219b/ros2_ws/src/ros_tutorials/turtlesim/install/turtlesim/include/turtlesim/turtlesim/msg/detail/pose__rosidl_typesupport_fastrtps_c.h
[41.500s] -- Installing: /home/gt7219b/ros2_ws/src/ros_tutorials/turtlesim/install/turtlesim/include/turtlesim/turtlesim/msg/detail/color__rosidl_typesupport_fastrtps_c.h
[41.500s] -- Installing: /home/gt7219b/ros2_ws/src/ros_tutorials/turtlesim/install/turtlesim/lib/libturtlesim__rosidl_typesupport_fastrtps_c.so
[41.501s] -- Set runtime path of "/home/gt7219b/ros2_ws/src/ros_tutorials/turtlesim/install/turtlesim/lib/libturtlesim__rosidl_typesupport_fastrtps_c.so" to ""
[41.501s] -- Up-to-date: /home/gt7219b/ros2_ws/src/ros_tutorials/turtlesim/install/turtlesim/include/turtlesim/turtlesim
[41.501s] -- Up-to-date: /home/gt7219b/ros2_ws/src/ros_tutorials/turtlesim/install/turtlesim/include/turtlesim/turtlesim/srv
[41.502s] -- Installing: /home/gt7219b/ros2_ws/src/ros_tutorials/turtlesim/install/turtlesim/include/turtlesim/turtlesim/srv/teleport_absolute.hpp
[41.502s] -- Installing: /home/gt7219b/ros2_ws/src/ros_tutorials/turtlesim/install/turtlesim/include/turtlesim/turtlesim/srv/set_pen.hpp
[41.502s] -- Installing: /home/gt7219b/ros2_ws/src/ros_tutorials/turtlesim/install/turtlesim/include/turtlesim/turtlesim/srv/spawn.hpp
[41.502s] -- Up-to-date: /home/gt7219b/ros2_ws/src/ros_tutorials/turtlesim/install/turtlesim/include/turtlesim/turtlesim/srv/detail
[41.502s] -- Installing: /home/gt7219b/ros2_ws/src/ros_tutorials/turtlesim/install/turtlesim/include/turtlesim/turtlesim/srv/detail/teleport_relative__traits.hpp
[41.502s] -- Installing: /home/gt7219b/ros2_ws/src/ros_tutorials/turtlesim/install/turtlesim/include/turtlesim/turtlesim/srv/detail/spawn__builder.hpp
[41.503s] -- Installing: /home/gt7219b/ros2_ws/src/ros_tutorials/turtlesim/install/turtlesim/include/turtlesim/turtlesim/srv/detail/set_pen__traits.hpp
[41.503s] -- Installing: /home/gt7219b/ros2_ws/src/ros_tutorials/turtlesim/install/turtlesim/include/turtlesim/turtlesim/srv/detail/kill__builder.hpp
[41.503s] -- Installing: /home/gt7219b/ros2_ws/src/ros_tutorials/turtlesim/install/turtlesim/include/turtlesim/turtlesim/srv/detail/kill__struct.hpp
[41.503s] -- Installing: /home/gt7219b/ros2_ws/src/ros_tutorials/turtlesim/install/turtlesim/include/turtlesim/turtlesim/srv/detail/teleport_relative__builder.hpp
[41.503s] -- Installing: /home/gt7219b/ros2_ws/src/ros_tutorials/turtlesim/install/turtlesim/include/turtlesim/turtlesim/srv/detail/teleport_absolute__struct.hpp
[41.503s] -- Installing: /home/gt7219b/ros2_ws/src/ros_tutorials/turtlesim/install/turtlesim/include/turtlesim/turtlesim/srv/detail/teleport_absolute__traits.hpp
[41.504s] -- Installing: /home/gt7219b/ros2_ws/src/ros_tutorials/turtlesim/install/turtlesim/include/turtlesim/turtlesim/srv/detail/teleport_relative__struct.hpp
[41.504s] -- Installing: /home/gt7219b/ros2_ws/src/ros_tutorials/turtlesim/install/turtlesim/include/turtlesim/turtlesim/srv/detail/teleport_absolute__builder.hpp
[41.504s] -- Installing: /home/gt7219b/ros2_ws/src/ros_tutorials/turtlesim/install/turtlesim/include/turtlesim/turtlesim/srv/detail/set_pen__struct.hpp
[41.504s] -- Installing: /home/gt7219b/ros2_ws/src/ros_tutorials/turtlesim/install/turtlesim/include/turtlesim/turtlesim/srv/detail/spawn__traits.hpp
[41.504s] -- Installing: /home/gt7219b/ros2_ws/src/ros_tutorials/turtlesim/install/turtlesim/include/turtlesim/turtlesim/srv/detail/spawn__struct.hpp
[41.504s] -- Installing: /home/gt7219b/ros2_ws/src/ros_tutorials/turtlesim/install/turtlesim/include/turtlesim/turtlesim/srv/detail/kill__traits.hpp
[41.505s] -- Installing: /home/gt7219b/ros2_ws/src/ros_tutorials/turtlesim/install/turtlesim/include/turtlesim/turtlesim/srv/detail/set_pen__builder.hpp
[41.505s] -- Installing: /home/gt7219b/ros2_ws/src/ros_tutorials/turtlesim/install/turtlesim/include/turtlesim/turtlesim/srv/kill.hpp
[41.505s] -- Installing: /home/gt7219b/ros2_ws/src/ros_tutorials/turtlesim/install/turtlesim/include/turtlesim/turtlesim/srv/teleport_relative.hpp
[41.505s] -- Up-to-date: /home/gt7219b/ros2_ws/src/ros_tutorials/turtlesim/install/turtlesim/include/turtlesim/turtlesim/action
[41.505s] -- Installing: /home/gt7219b/ros2_ws/src/ros_tutorials/turtlesim/install/turtlesim/include/turtlesim/turtlesim/action/rotate_absolute.hpp
[41.505s] -- Up-to-date: /home/gt7219b/ros2_ws/src/ros_tutorials/turtlesim/install/turtlesim/include/turtlesim/turtlesim/action/detail
[41.505s] -- Installing: /home/gt7219b/ros2_ws/src/ros_tutorials/turtlesim/install/turtlesim/include/turtlesim/turtlesim/action/detail/rotate_absolute__builder.hpp
[41.506s] -- Installing: /home/gt7219b/ros2_ws/src/ros_tutorials/turtlesim/install/turtlesim/include/turtlesim/turtlesim/action/detail/rotate_absolute__struct.hpp
[41.506s] -- Installing: /home/gt7219b/ros2_ws/src/ros_tutorials/turtlesim/install/turtlesim/include/turtlesim/turtlesim/action/detail/rotate_absolute__traits.hpp
[41.506s] -- Up-to-date: /home/gt7219b/ros2_ws/src/ros_tutorials/turtlesim/install/turtlesim/include/turtlesim/turtlesim/msg
[41.506s] -- Installing: /home/gt7219b/ros2_ws/src/ros_tutorials/turtlesim/install/turtlesim/include/turtlesim/turtlesim/msg/pose.hpp
[41.506s] -- Installing: /home/gt7219b/ros2_ws/src/ros_tutorials/turtlesim/install/turtlesim/include/turtlesim/turtlesim/msg/color.hpp
[41.506s] -- Up-to-date: /home/gt7219b/ros2_ws/src/ros_tutorials/turtlesim/install/turtlesim/include/turtlesim/turtlesim/msg/detail
[41.507s] -- Installing: /home/gt7219b/ros2_ws/src/ros_tutorials/turtlesim/install/turtlesim/include/turtlesim/turtlesim/msg/detail/pose__traits.hpp
[41.507s] -- Installing: /home/gt7219b/ros2_ws/src/ros_tutorials/turtlesim/install/turtlesim/include/turtlesim/turtlesim/msg/detail/color__builder.hpp
[41.507s] -- Installing: /home/gt7219b/ros2_ws/src/ros_tutorials/turtlesim/install/turtlesim/include/turtlesim/turtlesim/msg/detail/color__struct.hpp
[41.507s] -- Installing: /home/gt7219b/ros2_ws/src/ros_tutorials/turtlesim/install/turtlesim/include/turtlesim/turtlesim/msg/detail/pose__builder.hpp
[41.507s] -- Installing: /home/gt7219b/ros2_ws/src/ros_tutorials/turtlesim/install/turtlesim/include/turtlesim/turtlesim/msg/detail/color__traits.hpp
[41.507s] -- Installing: /home/gt7219b/ros2_ws/src/ros_tutorials/turtlesim/install/turtlesim/include/turtlesim/turtlesim/msg/detail/pose__struct.hpp
[41.508s] -- Up-to-date: /home/gt7219b/ros2_ws/src/ros_tutorials/turtlesim/install/turtlesim/include/turtlesim/turtlesim
[41.508s] -- Up-to-date: /home/gt7219b/ros2_ws/src/ros_tutorials/turtlesim/install/turtlesim/include/turtlesim/turtlesim/srv
[41.508s] -- Up-to-date: /home/gt7219b/ros2_ws/src/ros_tutorials/turtlesim/install/turtlesim/include/turtlesim/turtlesim/srv/detail
[41.508s] -- Installing: /home/gt7219b/ros2_ws/src/ros_tutorials/turtlesim/install/turtlesim/include/turtlesim/turtlesim/srv/detail/dds_fastrtps
[41.508s] -- Installing: /home/gt7219b/ros2_ws/src/ros_tutorials/turtlesim/install/turtlesim/include/turtlesim/turtlesim/srv/detail/spawn__rosidl_typesupport_fastrtps_cpp.hpp
[41.508s] -- Installing: /home/gt7219b/ros2_ws/src/ros_tutorials/turtlesim/install/turtlesim/include/turtlesim/turtlesim/srv/detail/kill__rosidl_typesupport_fastrtps_cpp.hpp
[41.509s] -- Installing: /home/gt7219b/ros2_ws/src/ros_tutorials/turtlesim/install/turtlesim/include/turtlesim/turtlesim/srv/detail/teleport_relative__rosidl_typesupport_fastrtps_cpp.hpp
[41.509s] -- Installing: /home/gt7219b/ros2_ws/src/ros_tutorials/turtlesim/install/turtlesim/include/turtlesim/turtlesim/srv/detail/teleport_absolute__rosidl_typesupport_fastrtps_cpp.hpp
[41.509s] -- Installing: /home/gt7219b/ros2_ws/src/ros_tutorials/turtlesim/install/turtlesim/include/turtlesim/turtlesim/srv/detail/set_pen__rosidl_typesupport_fastrtps_cpp.hpp
[41.509s] -- Up-to-date: /home/gt7219b/ros2_ws/src/ros_tutorials/turtlesim/install/turtlesim/include/turtlesim/turtlesim/action
[41.509s] -- Up-to-date: /home/gt7219b/ros2_ws/src/ros_tutorials/turtlesim/install/turtlesim/include/turtlesim/turtlesim/action/detail
[41.509s] -- Installing: /home/gt7219b/ros2_ws/src/ros_tutorials/turtlesim/install/turtlesim/include/turtlesim/turtlesim/action/detail/rotate_absolute__rosidl_typesupport_fastrtps_cpp.hpp
[41.509s] -- Installing: /home/gt7219b/ros2_ws/src/ros_tutorials/turtlesim/install/turtlesim/include/turtlesim/turtlesim/action/detail/dds_fastrtps
[41.510s] -- Up-to-date: /home/gt7219b/ros2_ws/src/ros_tutorials/turtlesim/install/turtlesim/include/turtlesim/turtlesim/msg
[41.510s] -- Installing: /home/gt7219b/ros2_ws/src/ros_tutorials/turtlesim/install/turtlesim/include/turtlesim/turtlesim/msg/rosidl_typesupport_fastrtps_cpp__visibility_control.h
[41.510s] -- Up-to-date: /home/gt7219b/ros2_ws/src/ros_tutorials/turtlesim/install/turtlesim/include/turtlesim/turtlesim/msg/detail
[41.510s] -- Installing: /home/gt7219b/ros2_ws/src/ros_tutorials/turtlesim/install/turtlesim/include/turtlesim/turtlesim/msg/detail/pose__rosidl_typesupport_fastrtps_cpp.hpp
[41.510s] -- Installing: /home/gt7219b/ros2_ws/src/ros_tutorials/turtlesim/install/turtlesim/include/turtlesim/turtlesim/msg/detail/dds_fastrtps
[41.510s] -- Installing: /home/gt7219b/ros2_ws/src/ros_tutorials/turtlesim/install/turtlesim/include/turtlesim/turtlesim/msg/detail/color__rosidl_typesupport_fastrtps_cpp.hpp
[41.510s] -- Installing: /home/gt7219b/ros2_ws/src/ros_tutorials/turtlesim/install/turtlesim/lib/libturtlesim__rosidl_typesupport_fastrtps_cpp.so
[41.511s] -- Set runtime path of "/home/gt7219b/ros2_ws/src/ros_tutorials/turtlesim/install/turtlesim/lib/libturtlesim__rosidl_typesupport_fastrtps_cpp.so" to ""
[41.511s] -- Up-to-date: /home/gt7219b/ros2_ws/src/ros_tutorials/turtlesim/install/turtlesim/include/turtlesim/turtlesim
[41.511s] -- Up-to-date: /home/gt7219b/ros2_ws/src/ros_tutorials/turtlesim/install/turtlesim/include/turtlesim/turtlesim/srv
[41.511s] -- Up-to-date: /home/gt7219b/ros2_ws/src/ros_tutorials/turtlesim/install/turtlesim/include/turtlesim/turtlesim/srv/detail
[41.511s] -- Installing: /home/gt7219b/ros2_ws/src/ros_tutorials/turtlesim/install/turtlesim/include/turtlesim/turtlesim/srv/detail/set_pen__rosidl_typesupport_introspection_c.h
[41.511s] -- Installing: /home/gt7219b/ros2_ws/src/ros_tutorials/turtlesim/install/turtlesim/include/turtlesim/turtlesim/srv/detail/set_pen__type_support.c
[41.512s] -- Installing: /home/gt7219b/ros2_ws/src/ros_tutorials/turtlesim/install/turtlesim/include/turtlesim/turtlesim/srv/detail/teleport_relative__rosidl_typesupport_introspection_c.h
[41.512s] -- Installing: /home/gt7219b/ros2_ws/src/ros_tutorials/turtlesim/install/turtlesim/include/turtlesim/turtlesim/srv/detail/kill__type_support.c
[41.512s] -- Installing: /home/gt7219b/ros2_ws/src/ros_tutorials/turtlesim/install/turtlesim/include/turtlesim/turtlesim/srv/detail/spawn__rosidl_typesupport_introspection_c.h
[41.512s] -- Installing: /home/gt7219b/ros2_ws/src/ros_tutorials/turtlesim/install/turtlesim/include/turtlesim/turtlesim/srv/detail/kill__rosidl_typesupport_introspection_c.h
[41.512s] -- Installing: /home/gt7219b/ros2_ws/src/ros_tutorials/turtlesim/install/turtlesim/include/turtlesim/turtlesim/srv/detail/teleport_absolute__rosidl_typesupport_introspection_c.h
[41.512s] -- Installing: /home/gt7219b/ros2_ws/src/ros_tutorials/turtlesim/install/turtlesim/include/turtlesim/turtlesim/srv/detail/spawn__type_support.c
[41.513s] -- Installing: /home/gt7219b/ros2_ws/src/ros_tutorials/turtlesim/install/turtlesim/include/turtlesim/turtlesim/srv/detail/teleport_absolute__type_support.c
[41.513s] -- Installing: /home/gt7219b/ros2_ws/src/ros_tutorials/turtlesim/install/turtlesim/include/turtlesim/turtlesim/srv/detail/teleport_relative__type_support.c
[41.513s] -- Up-to-date: /home/gt7219b/ros2_ws/src/ros_tutorials/turtlesim/install/turtlesim/include/turtlesim/turtlesim/action
[41.513s] -- Up-to-date: /home/gt7219b/ros2_ws/src/ros_tutorials/turtlesim/install/turtlesim/include/turtlesim/turtlesim/action/detail
[41.513s] -- Installing: /home/gt7219b/ros2_ws/src/ros_tutorials/turtlesim/install/turtlesim/include/turtlesim/turtlesim/action/detail/rotate_absolute__rosidl_typesupport_introspection_c.h
[41.513s] -- Installing: /home/gt7219b/ros2_ws/src/ros_tutorials/turtlesim/install/turtlesim/include/turtlesim/turtlesim/action/detail/rotate_absolute__type_support.c
[41.513s] -- Up-to-date: /home/gt7219b/ros2_ws/src/ros_tutorials/turtlesim/install/turtlesim/include/turtlesim/turtlesim/msg
[41.514s] -- Installing: /home/gt7219b/ros2_ws/src/ros_tutorials/turtlesim/install/turtlesim/include/turtlesim/turtlesim/msg/rosidl_typesupport_introspection_c__visibility_control.h
[41.514s] -- Up-to-date: /home/gt7219b/ros2_ws/src/ros_tutorials/turtlesim/install/turtlesim/include/turtlesim/turtlesim/msg/detail
[41.514s] -- Installing: /home/gt7219b/ros2_ws/src/ros_tutorials/turtlesim/install/turtlesim/include/turtlesim/turtlesim/msg/detail/pose__type_support.c
[41.514s] -- Installing: /home/gt7219b/ros2_ws/src/ros_tutorials/turtlesim/install/turtlesim/include/turtlesim/turtlesim/msg/detail/color__rosidl_typesupport_introspection_c.h
[41.514s] -- Installing: /home/gt7219b/ros2_ws/src/ros_tutorials/turtlesim/install/turtlesim/include/turtlesim/turtlesim/msg/detail/color__type_support.c
[41.514s] -- Installing: /home/gt7219b/ros2_ws/src/ros_tutorials/turtlesim/install/turtlesim/include/turtlesim/turtlesim/msg/detail/pose__rosidl_typesupport_introspection_c.h
[41.514s] -- Installing: /home/gt7219b/ros2_ws/src/ros_tutorials/turtlesim/install/turtlesim/lib/libturtlesim__rosidl_typesupport_introspection_c.so
[41.515s] -- Set runtime path of "/home/gt7219b/ros2_ws/src/ros_tutorials/turtlesim/install/turtlesim/lib/libturtlesim__rosidl_typesupport_introspection_c.so" to ""
[41.515s] -- Installing: /home/gt7219b/ros2_ws/src/ros_tutorials/turtlesim/install/turtlesim/lib/libturtlesim__rosidl_typesupport_c.so
[41.515s] -- Set runtime path of "/home/gt7219b/ros2_ws/src/ros_tutorials/turtlesim/install/turtlesim/lib/libturtlesim__rosidl_typesupport_c.so" to ""
[41.515s] -- Up-to-date: /home/gt7219b/ros2_ws/src/ros_tutorials/turtlesim/install/turtlesim/include/turtlesim/turtlesim
[41.515s] -- Up-to-date: /home/gt7219b/ros2_ws/src/ros_tutorials/turtlesim/install/turtlesim/include/turtlesim/turtlesim/srv
[41.515s] -- Up-to-date: /home/gt7219b/ros2_ws/src/ros_tutorials/turtlesim/install/turtlesim/include/turtlesim/turtlesim/srv/detail
[41.516s] -- Installing: /home/gt7219b/ros2_ws/src/ros_tutorials/turtlesim/install/turtlesim/include/turtlesim/turtlesim/srv/detail/kill__type_support.cpp
[41.516s] -- Installing: /home/gt7219b/ros2_ws/src/ros_tutorials/turtlesim/install/turtlesim/include/turtlesim/turtlesim/srv/detail/teleport_absolute__rosidl_typesupport_introspection_cpp.hpp
[41.516s] -- Installing: /home/gt7219b/ros2_ws/src/ros_tutorials/turtlesim/install/turtlesim/include/turtlesim/turtlesim/srv/detail/set_pen__rosidl_typesupport_introspection_cpp.hpp
[41.516s] -- Installing: /home/gt7219b/ros2_ws/src/ros_tutorials/turtlesim/install/turtlesim/include/turtlesim/turtlesim/srv/detail/kill__rosidl_typesupport_introspection_cpp.hpp
[41.516s] -- Installing: /home/gt7219b/ros2_ws/src/ros_tutorials/turtlesim/install/turtlesim/include/turtlesim/turtlesim/srv/detail/teleport_relative__type_support.cpp
[41.516s] -- Installing: /home/gt7219b/ros2_ws/src/ros_tutorials/turtlesim/install/turtlesim/include/turtlesim/turtlesim/srv/detail/teleport_absolute__type_support.cpp
[41.516s] -- Installing: /home/gt7219b/ros2_ws/src/ros_tutorials/turtlesim/install/turtlesim/include/turtlesim/turtlesim/srv/detail/spawn__type_support.cpp
[41.517s] -- Installing: /home/gt7219b/ros2_ws/src/ros_tutorials/turtlesim/install/turtlesim/include/turtlesim/turtlesim/srv/detail/teleport_relative__rosidl_typesupport_introspection_cpp.hpp
[41.517s] -- Installing: /home/gt7219b/ros2_ws/src/ros_tutorials/turtlesim/install/turtlesim/include/turtlesim/turtlesim/srv/detail/set_pen__type_support.cpp
[41.517s] -- Installing: /home/gt7219b/ros2_ws/src/ros_tutorials/turtlesim/install/turtlesim/include/turtlesim/turtlesim/srv/detail/spawn__rosidl_typesupport_introspection_cpp.hpp
[41.517s] -- Up-to-date: /home/gt7219b/ros2_ws/src/ros_tutorials/turtlesim/install/turtlesim/include/turtlesim/turtlesim/action
[41.517s] -- Up-to-date: /home/gt7219b/ros2_ws/src/ros_tutorials/turtlesim/install/turtlesim/include/turtlesim/turtlesim/action/detail
[41.517s] -- Installing: /home/gt7219b/ros2_ws/src/ros_tutorials/turtlesim/install/turtlesim/include/turtlesim/turtlesim/action/detail/rotate_absolute__rosidl_typesupport_introspection_cpp.hpp
[41.518s] -- Installing: /home/gt7219b/ros2_ws/src/ros_tutorials/turtlesim/install/turtlesim/include/turtlesim/turtlesim/action/detail/rotate_absolute__type_support.cpp
[41.518s] -- Up-to-date: /home/gt7219b/ros2_ws/src/ros_tutorials/turtlesim/install/turtlesim/include/turtlesim/turtlesim/msg
[41.518s] -- Up-to-date: /home/gt7219b/ros2_ws/src/ros_tutorials/turtlesim/install/turtlesim/include/turtlesim/turtlesim/msg/detail
[41.518s] -- Installing: /home/gt7219b/ros2_ws/src/ros_tutorials/turtlesim/install/turtlesim/include/turtlesim/turtlesim/msg/detail/color__rosidl_typesupport_introspection_cpp.hpp
[41.518s] -- Installing: /home/gt7219b/ros2_ws/src/ros_tutorials/turtlesim/install/turtlesim/include/turtlesim/turtlesim/msg/detail/color__type_support.cpp
[41.518s] -- Installing: /home/gt7219b/ros2_ws/src/ros_tutorials/turtlesim/install/turtlesim/include/turtlesim/turtlesim/msg/detail/pose__rosidl_typesupport_introspection_cpp.hpp
[41.518s] -- Installing: /home/gt7219b/ros2_ws/src/ros_tutorials/turtlesim/install/turtlesim/include/turtlesim/turtlesim/msg/detail/pose__type_support.cpp
[41.519s] -- Installing: /home/gt7219b/ros2_ws/src/ros_tutorials/turtlesim/install/turtlesim/lib/libturtlesim__rosidl_typesupport_introspection_cpp.so
[41.520s] -- Set runtime path of "/home/gt7219b/ros2_ws/src/ros_tutorials/turtlesim/install/turtlesim/lib/libturtlesim__rosidl_typesupport_introspection_cpp.so" to ""
[41.520s] -- Installing: /home/gt7219b/ros2_ws/src/ros_tutorials/turtlesim/install/turtlesim/lib/libturtlesim__rosidl_typesupport_cpp.so
[41.520s] -- Set runtime path of "/home/gt7219b/ros2_ws/src/ros_tutorials/turtlesim/install/turtlesim/lib/libturtlesim__rosidl_typesupport_cpp.so" to ""
[41.520s] -- Installing: /home/gt7219b/ros2_ws/src/ros_tutorials/turtlesim/install/turtlesim/share/turtlesim/environment/pythonpath.sh
[41.520s] -- Installing: /home/gt7219b/ros2_ws/src/ros_tutorials/turtlesim/install/turtlesim/share/turtlesim/environment/pythonpath.dsv
[41.520s] -- Installing: /home/gt7219b/ros2_ws/src/ros_tutorials/turtlesim/install/turtlesim/local/lib/python3.10/dist-packages/turtlesim-1.4.1-py3.10.egg-info
[41.521s] -- Installing: /home/gt7219b/ros2_ws/src/ros_tutorials/turtlesim/install/turtlesim/local/lib/python3.10/dist-packages/turtlesim-1.4.1-py3.10.egg-info/PKG-INFO
[41.521s] -- Installing: /home/gt7219b/ros2_ws/src/ros_tutorials/turtlesim/install/turtlesim/local/lib/python3.10/dist-packages/turtlesim-1.4.1-py3.10.egg-info/dependency_links.txt
[41.521s] -- Installing: /home/gt7219b/ros2_ws/src/ros_tutorials/turtlesim/install/turtlesim/local/lib/python3.10/dist-packages/turtlesim-1.4.1-py3.10.egg-info/top_level.txt
[41.521s] -- Installing: /home/gt7219b/ros2_ws/src/ros_tutorials/turtlesim/install/turtlesim/local/lib/python3.10/dist-packages/turtlesim-1.4.1-py3.10.egg-info/SOURCES.txt
[41.521s] -- Installing: /home/gt7219b/ros2_ws/src/ros_tutorials/turtlesim/install/turtlesim/local/lib/python3.10/dist-packages/turtlesim
[41.521s] -- Installing: /home/gt7219b/ros2_ws/src/ros_tutorials/turtlesim/install/turtlesim/local/lib/python3.10/dist-packages/turtlesim/turtlesim_s__rosidl_typesupport_c.cpython-310-x86_64-linux-gnu.so
[41.522s] -- Installing: /home/gt7219b/ros2_ws/src/ros_tutorials/turtlesim/install/turtlesim/local/lib/python3.10/dist-packages/turtlesim/srv
[41.522s] -- Installing: /home/gt7219b/ros2_ws/src/ros_tutorials/turtlesim/install/turtlesim/local/lib/python3.10/dist-packages/turtlesim/srv/_teleport_relative_s.c
[41.522s] -- Installing: /home/gt7219b/ros2_ws/src/ros_tutorials/turtlesim/install/turtlesim/local/lib/python3.10/dist-packages/turtlesim/srv/_teleport_absolute_s.c
[41.522s] -- Installing: /home/gt7219b/ros2_ws/src/ros_tutorials/turtlesim/install/turtlesim/local/lib/python3.10/dist-packages/turtlesim/srv/_spawn_s.c
[41.522s] -- Installing: /home/gt7219b/ros2_ws/src/ros_tutorials/turtlesim/install/turtlesim/local/lib/python3.10/dist-packages/turtlesim/srv/__init__.py
[41.522s] -- Installing: /home/gt7219b/ros2_ws/src/ros_tutorials/turtlesim/install/turtlesim/local/lib/python3.10/dist-packages/turtlesim/srv/_kill.py
[41.522s] -- Installing: /home/gt7219b/ros2_ws/src/ros_tutorials/turtlesim/install/turtlesim/local/lib/python3.10/dist-packages/turtlesim/srv/_kill_s.c
[41.523s] -- Installing: /home/gt7219b/ros2_ws/src/ros_tutorials/turtlesim/install/turtlesim/local/lib/python3.10/dist-packages/turtlesim/srv/_set_pen_s.c
[41.523s] -- Installing: /home/gt7219b/ros2_ws/src/ros_tutorials/turtlesim/install/turtlesim/local/lib/python3.10/dist-packages/turtlesim/srv/_teleport_absolute.py
[41.523s] -- Installing: /home/gt7219b/ros2_ws/src/ros_tutorials/turtlesim/install/turtlesim/local/lib/python3.10/dist-packages/turtlesim/srv/_set_pen.py
[41.523s] -- Installing: /home/gt7219b/ros2_ws/src/ros_tutorials/turtlesim/install/turtlesim/local/lib/python3.10/dist-packages/turtlesim/srv/_teleport_relative.py
[41.523s] -- Installing: /home/gt7219b/ros2_ws/src/ros_tutorials/turtlesim/install/turtlesim/local/lib/python3.10/dist-packages/turtlesim/srv/_spawn.py
[41.523s] -- Installing: /home/gt7219b/ros2_ws/src/ros_tutorials/turtlesim/install/turtlesim/local/lib/python3.10/dist-packages/turtlesim/__init__.py
[41.524s] -- Installing: /home/gt7219b/ros2_ws/src/ros_tutorials/turtlesim/install/turtlesim/local/lib/python3.10/dist-packages/turtlesim/turtlesim_s__rosidl_typesupport_fastrtps_c.cpython-310-x86_64-linux-gnu.so
[41.524s] -- Installing: /home/gt7219b/ros2_ws/src/ros_tutorials/turtlesim/install/turtlesim/local/lib/python3.10/dist-packages/turtlesim/action
[41.524s] -- Installing: /home/gt7219b/ros2_ws/src/ros_tutorials/turtlesim/install/turtlesim/local/lib/python3.10/dist-packages/turtlesim/action/__init__.py
[41.524s] -- Installing: /home/gt7219b/ros2_ws/src/ros_tutorials/turtlesim/install/turtlesim/local/lib/python3.10/dist-packages/turtlesim/action/_rotate_absolute.py
[41.524s] -- Installing: /home/gt7219b/ros2_ws/src/ros_tutorials/turtlesim/install/turtlesim/local/lib/python3.10/dist-packages/turtlesim/action/_rotate_absolute_s.c
[41.524s] -- Installing: /home/gt7219b/ros2_ws/src/ros_tutorials/turtlesim/install/turtlesim/local/lib/python3.10/dist-packages/turtlesim/turtlesim_s__rosidl_typesupport_introspection_c.cpython-310-x86_64-linux-gnu.so
[41.524s] -- Installing: /home/gt7219b/ros2_ws/src/ros_tutorials/turtlesim/install/turtlesim/local/lib/python3.10/dist-packages/turtlesim/_turtlesim_s.ep.rosidl_typesupport_introspection_c.c
[41.525s] -- Installing: /home/gt7219b/ros2_ws/src/ros_tutorials/turtlesim/install/turtlesim/local/lib/python3.10/dist-packages/turtlesim/libturtlesim__rosidl_generator_py.so
[41.525s] -- Installing: /home/gt7219b/ros2_ws/src/ros_tutorials/turtlesim/install/turtlesim/local/lib/python3.10/dist-packages/turtlesim/_turtlesim_s.ep.rosidl_typesupport_c.c
[41.525s] -- Installing: /home/gt7219b/ros2_ws/src/ros_tutorials/turtlesim/install/turtlesim/local/lib/python3.10/dist-packages/turtlesim/msg
[41.526s] -- Installing: /home/gt7219b/ros2_ws/src/ros_tutorials/turtlesim/install/turtlesim/local/lib/python3.10/dist-packages/turtlesim/msg/__init__.py
[41.526s] -- Installing: /home/gt7219b/ros2_ws/src/ros_tutorials/turtlesim/install/turtlesim/local/lib/python3.10/dist-packages/turtlesim/msg/_pose.py
[41.526s] -- Installing: /home/gt7219b/ros2_ws/src/ros_tutorials/turtlesim/install/turtlesim/local/lib/python3.10/dist-packages/turtlesim/msg/_color.py
[41.526s] -- Installing: /home/gt7219b/ros2_ws/src/ros_tutorials/turtlesim/install/turtlesim/local/lib/python3.10/dist-packages/turtlesim/msg/_pose_s.c
[41.526s] -- Installing: /home/gt7219b/ros2_ws/src/ros_tutorials/turtlesim/install/turtlesim/local/lib/python3.10/dist-packages/turtlesim/msg/_color_s.c
[41.526s] -- Installing: /home/gt7219b/ros2_ws/src/ros_tutorials/turtlesim/install/turtlesim/local/lib/python3.10/dist-packages/turtlesim/_turtlesim_s.ep.rosidl_typesupport_fastrtps_c.c
[41.609s] Listing '/home/gt7219b/ros2_ws/src/ros_tutorials/turtlesim/install/turtlesim/local/lib/python3.10/dist-packages/turtlesim'...
[41.609s] Compiling '/home/gt7219b/ros2_ws/src/ros_tutorials/turtlesim/install/turtlesim/local/lib/python3.10/dist-packages/turtlesim/__init__.py'...
[41.609s] Listing '/home/gt7219b/ros2_ws/src/ros_tutorials/turtlesim/install/turtlesim/local/lib/python3.10/dist-packages/turtlesim/action'...
[41.609s] Compiling '/home/gt7219b/ros2_ws/src/ros_tutorials/turtlesim/install/turtlesim/local/lib/python3.10/dist-packages/turtlesim/action/__init__.py'...
[41.610s] Compiling '/home/gt7219b/ros2_ws/src/ros_tutorials/turtlesim/install/turtlesim/local/lib/python3.10/dist-packages/turtlesim/action/_rotate_absolute.py'...
[41.610s] Listing '/home/gt7219b/ros2_ws/src/ros_tutorials/turtlesim/install/turtlesim/local/lib/python3.10/dist-packages/turtlesim/msg'...
[41.610s] Compiling '/home/gt7219b/ros2_ws/src/ros_tutorials/turtlesim/install/turtlesim/local/lib/python3.10/dist-packages/turtlesim/msg/__init__.py'...
[41.610s] Compiling '/home/gt7219b/ros2_ws/src/ros_tutorials/turtlesim/install/turtlesim/local/lib/python3.10/dist-packages/turtlesim/msg/_color.py'...
[41.610s] Compiling '/home/gt7219b/ros2_ws/src/ros_tutorials/turtlesim/install/turtlesim/local/lib/python3.10/dist-packages/turtlesim/msg/_pose.py'...
[41.610s] Listing '/home/gt7219b/ros2_ws/src/ros_tutorials/turtlesim/install/turtlesim/local/lib/python3.10/dist-packages/turtlesim/srv'...
[41.610s] Compiling '/home/gt7219b/ros2_ws/src/ros_tutorials/turtlesim/install/turtlesim/local/lib/python3.10/dist-packages/turtlesim/srv/__init__.py'...
[41.610s] Compiling '/home/gt7219b/ros2_ws/src/ros_tutorials/turtlesim/install/turtlesim/local/lib/python3.10/dist-packages/turtlesim/srv/_kill.py'...
[41.610s] Compiling '/home/gt7219b/ros2_ws/src/ros_tutorials/turtlesim/install/turtlesim/local/lib/python3.10/dist-packages/turtlesim/srv/_set_pen.py'...
[41.611s] Compiling '/home/gt7219b/ros2_ws/src/ros_tutorials/turtlesim/install/turtlesim/local/lib/python3.10/dist-packages/turtlesim/srv/_spawn.py'...
[41.611s] Compiling '/home/gt7219b/ros2_ws/src/ros_tutorials/turtlesim/install/turtlesim/local/lib/python3.10/dist-packages/turtlesim/srv/_teleport_absolute.py'...
[41.611s] Compiling '/home/gt7219b/ros2_ws/src/ros_tutorials/turtlesim/install/turtlesim/local/lib/python3.10/dist-packages/turtlesim/srv/_teleport_relative.py'...
[41.615s] -- Installing: /home/gt7219b/ros2_ws/src/ros_tutorials/turtlesim/install/turtlesim/local/lib/python3.10/dist-packages/turtlesim/turtlesim_s__rosidl_typesupport_fastrtps_c.cpython-310-x86_64-linux-gnu.so
[41.616s] -- Set runtime path of "/home/gt7219b/ros2_ws/src/ros_tutorials/turtlesim/install/turtlesim/local/lib/python3.10/dist-packages/turtlesim/turtlesim_s__rosidl_typesupport_fastrtps_c.cpython-310-x86_64-linux-gnu.so" to ""
[41.616s] -- Installing: /home/gt7219b/ros2_ws/src/ros_tutorials/turtlesim/install/turtlesim/local/lib/python3.10/dist-packages/turtlesim/turtlesim_s__rosidl_typesupport_introspection_c.cpython-310-x86_64-linux-gnu.so
[41.617s] -- Set runtime path of "/home/gt7219b/ros2_ws/src/ros_tutorials/turtlesim/install/turtlesim/local/lib/python3.10/dist-packages/turtlesim/turtlesim_s__rosidl_typesupport_introspection_c.cpython-310-x86_64-linux-gnu.so" to ""
[41.617s] -- Installing: /home/gt7219b/ros2_ws/src/ros_tutorials/turtlesim/install/turtlesim/local/lib/python3.10/dist-packages/turtlesim/turtlesim_s__rosidl_typesupport_c.cpython-310-x86_64-linux-gnu.so
[41.618s] -- Set runtime path of "/home/gt7219b/ros2_ws/src/ros_tutorials/turtlesim/install/turtlesim/local/lib/python3.10/dist-packages/turtlesim/turtlesim_s__rosidl_typesupport_c.cpython-310-x86_64-linux-gnu.so" to ""
[41.618s] -- Installing: /home/gt7219b/ros2_ws/src/ros_tutorials/turtlesim/install/turtlesim/lib/libturtlesim__rosidl_generator_py.so
[41.619s] -- Set runtime path of "/home/gt7219b/ros2_ws/src/ros_tutorials/turtlesim/install/turtlesim/lib/libturtlesim__rosidl_generator_py.so" to ""
[41.619s] -- Installing: /home/gt7219b/ros2_ws/src/ros_tutorials/turtlesim/install/turtlesim/share/turtlesim/action/RotateAbsolute.idl
[41.620s] -- Installing: /home/gt7219b/ros2_ws/src/ros_tutorials/turtlesim/install/turtlesim/share/turtlesim/msg/Color.idl
[41.620s] -- Installing: /home/gt7219b/ros2_ws/src/ros_tutorials/turtlesim/install/turtlesim/share/turtlesim/msg/Pose.idl
[41.620s] -- Installing: /home/gt7219b/ros2_ws/src/ros_tutorials/turtlesim/install/turtlesim/share/turtlesim/srv/Kill.idl
[41.621s] -- Installing: /home/gt7219b/ros2_ws/src/ros_tutorials/turtlesim/install/turtlesim/share/turtlesim/srv/SetPen.idl
[41.621s] -- Installing: /home/gt7219b/ros2_ws/src/ros_tutorials/turtlesim/install/turtlesim/share/turtlesim/srv/Spawn.idl
[41.621s] -- Installing: /home/gt7219b/ros2_ws/src/ros_tutorials/turtlesim/install/turtlesim/share/turtlesim/srv/TeleportAbsolute.idl
[41.621s] -- Installing: /home/gt7219b/ros2_ws/src/ros_tutorials/turtlesim/install/turtlesim/share/turtlesim/srv/TeleportRelative.idl
[41.621s] -- Installing: /home/gt7219b/ros2_ws/src/ros_tutorials/turtlesim/install/turtlesim/share/turtlesim/action/RotateAbsolute.action
[41.622s] -- Installing: /home/gt7219b/ros2_ws/src/ros_tutorials/turtlesim/install/turtlesim/share/turtlesim/msg/Color.msg
[41.622s] -- Installing: /home/gt7219b/ros2_ws/src/ros_tutorials/turtlesim/install/turtlesim/share/turtlesim/msg/Pose.msg
[41.622s] -- Installing: /home/gt7219b/ros2_ws/src/ros_tutorials/turtlesim/install/turtlesim/share/turtlesim/srv/Kill.srv
[41.622s] -- Installing: /home/gt7219b/ros2_ws/src/ros_tutorials/turtlesim/install/turtlesim/share/turtlesim/srv/Kill_Request.msg
[41.622s] -- Installing: /home/gt7219b/ros2_ws/src/ros_tutorials/turtlesim/install/turtlesim/share/turtlesim/srv/Kill_Response.msg
[41.623s] -- Installing: /home/gt7219b/ros2_ws/src/ros_tutorials/turtlesim/install/turtlesim/share/turtlesim/srv/SetPen.srv
[41.623s] -- Installing: /home/gt7219b/ros2_ws/src/ros_tutorials/turtlesim/install/turtlesim/share/turtlesim/srv/SetPen_Request.msg
[41.623s] -- Installing: /home/gt7219b/ros2_ws/src/ros_tutorials/turtlesim/install/turtlesim/share/turtlesim/srv/SetPen_Response.msg
[41.623s] -- Installing: /home/gt7219b/ros2_ws/src/ros_tutorials/turtlesim/install/turtlesim/share/turtlesim/srv/Spawn.srv
[41.624s] -- Installing: /home/gt7219b/ros2_ws/src/ros_tutorials/turtlesim/install/turtlesim/share/turtlesim/srv/Spawn_Request.msg
[41.624s] -- Installing: /home/gt7219b/ros2_ws/src/ros_tutorials/turtlesim/install/turtlesim/share/turtlesim/srv/Spawn_Response.msg
[41.624s] -- Installing: /home/gt7219b/ros2_ws/src/ros_tutorials/turtlesim/install/turtlesim/share/turtlesim/srv/TeleportAbsolute.srv
[41.625s] -- Installing: /home/gt7219b/ros2_ws/src/ros_tutorials/turtlesim/install/turtlesim/share/turtlesim/srv/TeleportAbsolute_Request.msg
[41.625s] -- Installing: /home/gt7219b/ros2_ws/src/ros_tutorials/turtlesim/install/turtlesim/share/turtlesim/srv/TeleportAbsolute_Response.msg
[41.625s] -- Installing: /home/gt7219b/ros2_ws/src/ros_tutorials/turtlesim/install/turtlesim/share/turtlesim/srv/TeleportRelative.srv
[41.625s] -- Installing: /home/gt7219b/ros2_ws/src/ros_tutorials/turtlesim/install/turtlesim/share/turtlesim/srv/TeleportRelative_Request.msg
[41.625s] -- Installing: /home/gt7219b/ros2_ws/src/ros_tutorials/turtlesim/install/turtlesim/share/turtlesim/srv/TeleportRelative_Response.msg
[41.626s] -- Installing: /home/gt7219b/ros2_ws/src/ros_tutorials/turtlesim/install/turtlesim/lib/turtlesim/turtlesim_node
[41.642s] -- Set runtime path of "/home/gt7219b/ros2_ws/src/ros_tutorials/turtlesim/install/turtlesim/lib/turtlesim/turtlesim_node" to ""
[41.642s] -- Installing: /home/gt7219b/ros2_ws/src/ros_tutorials/turtlesim/install/turtlesim/lib/turtlesim/turtle_teleop_key
[41.646s] -- Set runtime path of "/home/gt7219b/ros2_ws/src/ros_tutorials/turtlesim/install/turtlesim/lib/turtlesim/turtle_teleop_key" to ""
[41.646s] -- Installing: /home/gt7219b/ros2_ws/src/ros_tutorials/turtlesim/install/turtlesim/lib/turtlesim/draw_square
[41.654s] -- Set runtime path of "/home/gt7219b/ros2_ws/src/ros_tutorials/turtlesim/install/turtlesim/lib/turtlesim/draw_square" to ""
[41.654s] -- Installing: /home/gt7219b/ros2_ws/src/ros_tutorials/turtlesim/install/turtlesim/lib/turtlesim/mimic
[41.660s] -- Set runtime path of "/home/gt7219b/ros2_ws/src/ros_tutorials/turtlesim/install/turtlesim/lib/turtlesim/mimic" to ""
[41.660s] -- Installing: /home/gt7219b/ros2_ws/src/ros_tutorials/turtlesim/install/turtlesim/lib/turtlesim/talker2
[41.669s] -- Set runtime path of "/home/gt7219b/ros2_ws/src/ros_tutorials/turtlesim/install/turtlesim/lib/turtlesim/talker2" to ""
[41.669s] -- Installing: /home/gt7219b/ros2_ws/src/ros_tutorials/turtlesim/install/turtlesim/lib/turtlesim/listener2
[41.771s] -- Set runtime path of "/home/gt7219b/ros2_ws/src/ros_tutorials/turtlesim/install/turtlesim/lib/turtlesim/listener2" to ""
[41.772s] -- Installing: /home/gt7219b/ros2_ws/src/ros_tutorials/turtlesim/install/turtlesim/share/turtlesim/images
[41.772s] -- Installing: /home/gt7219b/ros2_ws/src/ros_tutorials/turtlesim/install/turtlesim/share/turtlesim/images/crystal.png
[41.772s] -- Installing: /home/gt7219b/ros2_ws/src/ros_tutorials/turtlesim/install/turtlesim/share/turtlesim/images/ardent.png
[41.772s] -- Installing: /home/gt7219b/ros2_ws/src/ros_tutorials/turtlesim/install/turtlesim/share/turtlesim/images/galactic.png
[41.772s] -- Installing: /home/gt7219b/ros2_ws/src/ros_tutorials/turtlesim/install/turtlesim/share/turtlesim/images/humble.png
[41.772s] -- Installing: /home/gt7219b/ros2_ws/src/ros_tutorials/turtlesim/install/turtlesim/share/turtlesim/images/dashing.png
[41.773s] -- Installing: /home/gt7219b/ros2_ws/src/ros_tutorials/turtlesim/install/turtlesim/share/turtlesim/images/eloquent.png
[41.773s] -- Installing: /home/gt7219b/ros2_ws/src/ros_tutorials/turtlesim/install/turtlesim/share/turtlesim/images/foxy.png
[41.773s] -- Installing: /home/gt7219b/ros2_ws/src/ros_tutorials/turtlesim/install/turtlesim/share/turtlesim/images/rolling.png
[41.773s] -- Installing: /home/gt7219b/ros2_ws/src/ros_tutorials/turtlesim/install/turtlesim/share/turtlesim/images/bouncy.png
[41.773s] -- Installing: /home/gt7219b/ros2_ws/src/ros_tutorials/turtlesim/install/turtlesim/share/turtlesim/launch
[41.773s] -- Installing: /home/gt7219b/ros2_ws/src/ros_tutorials/turtlesim/install/turtlesim/share/turtlesim/launch/multisim.launch.py
[41.773s] -- Installing: /home/gt7219b/ros2_ws/src/ros_tutorials/turtlesim/install/turtlesim/share/ament_index/resource_index/package_run_dependencies/turtlesim
[41.773s] -- Installing: /home/gt7219b/ros2_ws/src/ros_tutorials/turtlesim/install/turtlesim/share/ament_index/resource_index/parent_prefix_path/turtlesim
[41.774s] -- Installing: /home/gt7219b/ros2_ws/src/ros_tutorials/turtlesim/install/turtlesim/share/turtlesim/environment/ament_prefix_path.sh
[41.774s] -- Installing: /home/gt7219b/ros2_ws/src/ros_tutorials/turtlesim/install/turtlesim/share/turtlesim/environment/ament_prefix_path.dsv
[41.774s] -- Installing: /home/gt7219b/ros2_ws/src/ros_tutorials/turtlesim/install/turtlesim/share/turtlesim/environment/path.sh
[41.774s] -- Installing: /home/gt7219b/ros2_ws/src/ros_tutorials/turtlesim/install/turtlesim/share/turtlesim/environment/path.dsv
[41.774s] -- Installing: /home/gt7219b/ros2_ws/src/ros_tutorials/turtlesim/install/turtlesim/share/turtlesim/local_setup.bash
[41.774s] -- Installing: /home/gt7219b/ros2_ws/src/ros_tutorials/turtlesim/install/turtlesim/share/turtlesim/local_setup.sh
[41.774s] -- Installing: /home/gt7219b/ros2_ws/src/ros_tutorials/turtlesim/install/turtlesim/share/turtlesim/local_setup.zsh
[41.775s] -- Installing: /home/gt7219b/ros2_ws/src/ros_tutorials/turtlesim/install/turtlesim/share/turtlesim/local_setup.dsv
[41.775s] -- Installing: /home/gt7219b/ros2_ws/src/ros_tutorials/turtlesim/install/turtlesim/share/turtlesim/package.dsv
[41.775s] -- Installing: /home/gt7219b/ros2_ws/src/ros_tutorials/turtlesim/install/turtlesim/share/ament_index/resource_index/packages/turtlesim
[41.775s] -- Installing: /home/gt7219b/ros2_ws/src/ros_tutorials/turtlesim/install/turtlesim/share/turtlesim/cmake/export_turtlesim__rosidl_generator_cExport.cmake
[41.775s] -- Installing: /home/gt7219b/ros2_ws/src/ros_tutorials/turtlesim/install/turtlesim/share/turtlesim/cmake/export_turtlesim__rosidl_generator_cExport-noconfig.cmake
[41.775s] -- Installing: /home/gt7219b/ros2_ws/src/ros_tutorials/turtlesim/install/turtlesim/share/turtlesim/cmake/export_turtlesim__rosidl_typesupport_fastrtps_cExport.cmake
[41.776s] -- Installing: /home/gt7219b/ros2_ws/src/ros_tutorials/turtlesim/install/turtlesim/share/turtlesim/cmake/export_turtlesim__rosidl_typesupport_fastrtps_cExport-noconfig.cmake
[41.776s] -- Installing: /home/gt7219b/ros2_ws/src/ros_tutorials/turtlesim/install/turtlesim/share/turtlesim/cmake/export_turtlesim__rosidl_generator_cppExport.cmake
[41.776s] -- Installing: /home/gt7219b/ros2_ws/src/ros_tutorials/turtlesim/install/turtlesim/share/turtlesim/cmake/export_turtlesim__rosidl_typesupport_fastrtps_cppExport.cmake
[41.776s] -- Installing: /home/gt7219b/ros2_ws/src/ros_tutorials/turtlesim/install/turtlesim/share/turtlesim/cmake/export_turtlesim__rosidl_typesupport_fastrtps_cppExport-noconfig.cmake
[41.776s] -- Installing: /home/gt7219b/ros2_ws/src/ros_tutorials/turtlesim/install/turtlesim/share/turtlesim/cmake/turtlesim__rosidl_typesupport_introspection_cExport.cmake
[41.777s] -- Installing: /home/gt7219b/ros2_ws/src/ros_tutorials/turtlesim/install/turtlesim/share/turtlesim/cmake/turtlesim__rosidl_typesupport_introspection_cExport-noconfig.cmake
[41.777s] -- Installing: /home/gt7219b/ros2_ws/src/ros_tutorials/turtlesim/install/turtlesim/share/turtlesim/cmake/turtlesim__rosidl_typesupport_cExport.cmake
[41.777s] -- Installing: /home/gt7219b/ros2_ws/src/ros_tutorials/turtlesim/install/turtlesim/share/turtlesim/cmake/turtlesim__rosidl_typesupport_cExport-noconfig.cmake
[41.777s] -- Installing: /home/gt7219b/ros2_ws/src/ros_tutorials/turtlesim/install/turtlesim/share/turtlesim/cmake/turtlesim__rosidl_typesupport_introspection_cppExport.cmake
[41.777s] -- Installing: /home/gt7219b/ros2_ws/src/ros_tutorials/turtlesim/install/turtlesim/share/turtlesim/cmake/turtlesim__rosidl_typesupport_introspection_cppExport-noconfig.cmake
[41.777s] -- Installing: /home/gt7219b/ros2_ws/src/ros_tutorials/turtlesim/install/turtlesim/share/turtlesim/cmake/turtlesim__rosidl_typesupport_cppExport.cmake
[41.778s] -- Installing: /home/gt7219b/ros2_ws/src/ros_tutorials/turtlesim/install/turtlesim/share/turtlesim/cmake/turtlesim__rosidl_typesupport_cppExport-noconfig.cmake
[41.778s] -- Installing: /home/gt7219b/ros2_ws/src/ros_tutorials/turtlesim/install/turtlesim/share/turtlesim/cmake/export_turtlesim__rosidl_generator_pyExport.cmake
[41.778s] -- Installing: /home/gt7219b/ros2_ws/src/ros_tutorials/turtlesim/install/turtlesim/share/turtlesim/cmake/export_turtlesim__rosidl_generator_pyExport-noconfig.cmake
[41.778s] -- Installing: /home/gt7219b/ros2_ws/src/ros_tutorials/turtlesim/install/turtlesim/share/turtlesim/cmake/rosidl_cmake-extras.cmake
[41.778s] -- Installing: /home/gt7219b/ros2_ws/src/ros_tutorials/turtlesim/install/turtlesim/share/turtlesim/cmake/ament_cmake_export_dependencies-extras.cmake
[41.778s] -- Installing: /home/gt7219b/ros2_ws/src/ros_tutorials/turtlesim/install/turtlesim/share/turtlesim/cmake/ament_cmake_export_include_directories-extras.cmake
[41.779s] -- Installing: /home/gt7219b/ros2_ws/src/ros_tutorials/turtlesim/install/turtlesim/share/turtlesim/cmake/ament_cmake_export_libraries-extras.cmake
[41.779s] -- Installing: /home/gt7219b/ros2_ws/src/ros_tutorials/turtlesim/install/turtlesim/share/turtlesim/cmake/ament_cmake_export_targets-extras.cmake
[41.779s] -- Installing: /home/gt7219b/ros2_ws/src/ros_tutorials/turtlesim/install/turtlesim/share/turtlesim/cmake/rosidl_cmake_export_typesupport_targets-extras.cmake
[41.779s] -- Installing: /home/gt7219b/ros2_ws/src/ros_tutorials/turtlesim/install/turtlesim/share/turtlesim/cmake/rosidl_cmake_export_typesupport_libraries-extras.cmake
[41.779s] -- Installing: /home/gt7219b/ros2_ws/src/ros_tutorials/turtlesim/install/turtlesim/share/turtlesim/cmake/turtlesimConfig.cmake
[41.779s] -- Installing: /home/gt7219b/ros2_ws/src/ros_tutorials/turtlesim/install/turtlesim/share/turtlesim/cmake/turtlesimConfig-version.cmake
[41.780s] -- Installing: /home/gt7219b/ros2_ws/src/ros_tutorials/turtlesim/install/turtlesim/share/turtlesim/package.xml
[41.784s] Invoked command in '/home/gt7219b/ros2_ws/src/ros_tutorials/turtlesim/build/turtlesim' returned '0': CMAKE_PREFIX_PATH=/opt/ros/humble /usr/bin/cmake --install /home/gt7219b/ros2_ws/src/ros_tutorials/turtlesim/build/turtlesim
